{"C:\\Users\\chico\\Desktop\\react-curso\\ejercicios\\03-gifs-app\\src\\GifsApp.tsx": {"path":"C:\\Users\\chico\\Desktop\\react-curso\\ejercicios\\03-gifs-app\\src\\GifsApp.tsx","all":false,"statementMap":{"0":{"start":{"line":1,"column":0},"end":{"line":1,"column":51}},"1":{"start":{"line":2,"column":0},"end":{"line":2,"column":69}},"2":{"start":{"line":3,"column":0},"end":{"line":3,"column":46}},"3":{"start":{"line":4,"column":0},"end":{"line":4,"column":63}},"4":{"start":{"line":5,"column":0},"end":{"line":5,"column":69}},"6":{"start":{"line":7,"column":0},"end":{"line":7,"column":30}},"8":{"start":{"line":9,"column":0},"end":{"line":9,"column":76}},"10":{"start":{"line":11,"column":0},"end":{"line":11,"column":11}},"11":{"start":{"line":12,"column":0},"end":{"line":12,"column":8}},"12":{"start":{"line":13,"column":0},"end":{"line":13,"column":101}},"13":{"start":{"line":14,"column":0},"end":{"line":14,"column":25}},"14":{"start":{"line":15,"column":0},"end":{"line":15,"column":46}},"15":{"start":{"line":16,"column":0},"end":{"line":16,"column":34}},"17":{"start":{"line":18,"column":0},"end":{"line":18,"column":26}},"18":{"start":{"line":19,"column":0},"end":{"line":19,"column":36}},"19":{"start":{"line":20,"column":0},"end":{"line":20,"column":44}},"22":{"start":{"line":23,"column":0},"end":{"line":23,"column":33}},"25":{"start":{"line":26,"column":0},"end":{"line":26,"column":1}}},"s":{"0":1,"1":1,"2":1,"3":1,"4":1,"6":1,"8":1,"10":1,"11":1,"12":1,"13":1,"14":1,"15":1,"17":1,"18":1,"19":1,"22":1,"25":1},"branchMap":{"0":{"type":"branch","line":7,"loc":{"start":{"line":7,"column":23},"end":{"line":26,"column":1}},"locations":[{"start":{"line":7,"column":23},"end":{"line":26,"column":1}}]}},"b":{"0":[1]},"fnMap":{"0":{"name":"GifsApp","decl":{"start":{"line":7,"column":23},"end":{"line":26,"column":1}},"loc":{"start":{"line":7,"column":23},"end":{"line":26,"column":1}},"line":7}},"f":{"0":1}}
,"C:\\Users\\chico\\Desktop\\react-curso\\ejercicios\\03-gifs-app\\src\\main.tsx": {"path":"C:\\Users\\chico\\Desktop\\react-curso\\ejercicios\\03-gifs-app\\src\\main.tsx","all":true,"statementMap":{"0":{"start":{"line":1,"column":0},"end":{"line":1,"column":35}},"1":{"start":{"line":2,"column":0},"end":{"line":2,"column":46}},"2":{"start":{"line":3,"column":0},"end":{"line":3,"column":36}},"4":{"start":{"line":5,"column":0},"end":{"line":5,"column":20}},"6":{"start":{"line":7,"column":0},"end":{"line":7,"column":52}},"7":{"start":{"line":8,"column":0},"end":{"line":8,"column":15}},"8":{"start":{"line":9,"column":0},"end":{"line":9,"column":17}}},"s":{"0":0,"1":0,"2":0,"4":0,"6":0,"7":0,"8":0},"branchMap":{"0":{"type":"branch","line":1,"loc":{"start":{"line":1,"column":259},"end":{"line":11,"column":1}},"locations":[{"start":{"line":1,"column":259},"end":{"line":11,"column":1}}]}},"b":{"0":[0]},"fnMap":{"0":{"name":"(empty-report)","decl":{"start":{"line":1,"column":259},"end":{"line":11,"column":1}},"loc":{"start":{"line":1,"column":259},"end":{"line":11,"column":1}},"line":1}},"f":{"0":0}}
,"C:\\Users\\chico\\Desktop\\react-curso\\ejercicios\\03-gifs-app\\src\\counter\\components\\MyCounterApp.tsx": {"path":"C:\\Users\\chico\\Desktop\\react-curso\\ejercicios\\03-gifs-app\\src\\counter\\components\\MyCounterApp.tsx","all":false,"statementMap":{"0":{"start":{"line":1,"column":0},"end":{"line":1,"column":48}},"2":{"start":{"line":3,"column":0},"end":{"line":3,"column":35}},"4":{"start":{"line":5,"column":0},"end":{"line":5,"column":77}},"6":{"start":{"line":7,"column":0},"end":{"line":7,"column":11}},"7":{"start":{"line":8,"column":0},"end":{"line":8,"column":19}},"8":{"start":{"line":9,"column":0},"end":{"line":9,"column":25}},"9":{"start":{"line":10,"column":0},"end":{"line":10,"column":33}},"10":{"start":{"line":11,"column":0},"end":{"line":11,"column":29}},"11":{"start":{"line":12,"column":0},"end":{"line":12,"column":9}},"12":{"start":{"line":13,"column":0},"end":{"line":13,"column":36}},"13":{"start":{"line":14,"column":0},"end":{"line":14,"column":22}},"14":{"start":{"line":15,"column":0},"end":{"line":15,"column":28}},"15":{"start":{"line":16,"column":0},"end":{"line":16,"column":19}},"16":{"start":{"line":17,"column":0},"end":{"line":17,"column":12}},"17":{"start":{"line":18,"column":0},"end":{"line":18,"column":51}},"18":{"start":{"line":19,"column":0},"end":{"line":19,"column":56}},"19":{"start":{"line":20,"column":0},"end":{"line":20,"column":56}},"23":{"start":{"line":24,"column":0},"end":{"line":24,"column":1}}},"s":{"0":1,"2":1,"4":10,"6":10,"7":10,"8":10,"9":10,"10":10,"11":10,"12":10,"13":10,"14":10,"15":10,"16":10,"17":10,"18":10,"19":10,"23":10},"branchMap":{"0":{"type":"branch","line":3,"loc":{"start":{"line":3,"column":28},"end":{"line":24,"column":1}},"locations":[{"start":{"line":3,"column":28},"end":{"line":24,"column":1}}]}},"b":{"0":[10]},"fnMap":{"0":{"name":"MyCounterApp","decl":{"start":{"line":3,"column":28},"end":{"line":24,"column":1}},"loc":{"start":{"line":3,"column":28},"end":{"line":24,"column":1}},"line":3}},"f":{"0":10}}
,"C:\\Users\\chico\\Desktop\\react-curso\\ejercicios\\03-gifs-app\\src\\counter\\hooks\\useCounter.tsx": {"path":"C:\\Users\\chico\\Desktop\\react-curso\\ejercicios\\03-gifs-app\\src\\counter\\hooks\\useCounter.tsx","all":false,"statementMap":{"0":{"start":{"line":1,"column":0},"end":{"line":1,"column":33}},"2":{"start":{"line":3,"column":0},"end":{"line":3,"column":58}},"3":{"start":{"line":4,"column":0},"end":{"line":4,"column":55}},"5":{"start":{"line":6,"column":0},"end":{"line":6,"column":28}},"6":{"start":{"line":7,"column":0},"end":{"line":7,"column":30}},"7":{"start":{"line":8,"column":0},"end":{"line":8,"column":4}},"9":{"start":{"line":10,"column":0},"end":{"line":10,"column":33}},"10":{"start":{"line":11,"column":0},"end":{"line":11,"column":47}},"11":{"start":{"line":12,"column":0},"end":{"line":12,"column":4}},"13":{"start":{"line":14,"column":0},"end":{"line":14,"column":30}},"14":{"start":{"line":15,"column":0},"end":{"line":15,"column":31}},"15":{"start":{"line":16,"column":0},"end":{"line":16,"column":4}},"16":{"start":{"line":17,"column":0},"end":{"line":17,"column":11}},"17":{"start":{"line":18,"column":0},"end":{"line":18,"column":14}},"18":{"start":{"line":19,"column":0},"end":{"line":19,"column":16}},"19":{"start":{"line":20,"column":0},"end":{"line":20,"column":21}},"20":{"start":{"line":21,"column":0},"end":{"line":21,"column":17}},"21":{"start":{"line":22,"column":0},"end":{"line":22,"column":5}},"22":{"start":{"line":23,"column":0},"end":{"line":23,"column":1}}},"s":{"0":1,"2":1,"3":18,"5":18,"6":3,"7":3,"9":18,"10":4,"11":4,"13":18,"14":2,"15":2,"16":18,"17":18,"18":18,"19":18,"20":18,"21":18,"22":18},"branchMap":{"0":{"type":"branch","line":3,"loc":{"start":{"line":3,"column":26},"end":{"line":23,"column":1}},"locations":[{"start":{"line":3,"column":26},"end":{"line":23,"column":1}}]},"1":{"type":"branch","line":6,"loc":{"start":{"line":6,"column":21},"end":{"line":8,"column":4}},"locations":[{"start":{"line":6,"column":21},"end":{"line":8,"column":4}}]},"2":{"type":"branch","line":10,"loc":{"start":{"line":10,"column":26},"end":{"line":12,"column":4}},"locations":[{"start":{"line":10,"column":26},"end":{"line":12,"column":4}}]},"3":{"type":"branch","line":11,"loc":{"start":{"line":11,"column":17},"end":{"line":11,"column":47}},"locations":[{"start":{"line":11,"column":17},"end":{"line":11,"column":47}}]},"4":{"type":"branch","line":14,"loc":{"start":{"line":14,"column":23},"end":{"line":16,"column":4}},"locations":[{"start":{"line":14,"column":23},"end":{"line":16,"column":4}}]}},"b":{"0":[18],"1":[3],"2":[4],"3":[4],"4":[2]},"fnMap":{"0":{"name":"useCounter","decl":{"start":{"line":3,"column":26},"end":{"line":23,"column":1}},"loc":{"start":{"line":3,"column":26},"end":{"line":23,"column":1}},"line":3},"1":{"name":"handleAdd","decl":{"start":{"line":6,"column":21},"end":{"line":8,"column":4}},"loc":{"start":{"line":6,"column":21},"end":{"line":8,"column":4}},"line":6},"2":{"name":"handleSubtract","decl":{"start":{"line":10,"column":26},"end":{"line":12,"column":4}},"loc":{"start":{"line":10,"column":26},"end":{"line":12,"column":4}},"line":10},"3":{"name":"handleReset","decl":{"start":{"line":14,"column":23},"end":{"line":16,"column":4}},"loc":{"start":{"line":14,"column":23},"end":{"line":16,"column":4}},"line":14}},"f":{"0":18,"1":3,"2":4,"3":2}}
,"C:\\Users\\chico\\Desktop\\react-curso\\ejercicios\\03-gifs-app\\src\\gifs\\actions\\get-gifs-by-query.action.ts": {"path":"C:\\Users\\chico\\Desktop\\react-curso\\ejercicios\\03-gifs-app\\src\\gifs\\actions\\get-gifs-by-query.action.ts","all":false,"statementMap":{"2":{"start":{"line":3,"column":0},"end":{"line":3,"column":44}},"4":{"start":{"line":5,"column":0},"end":{"line":5,"column":72}},"6":{"start":{"line":7,"column":0},"end":{"line":7,"column":35}},"7":{"start":{"line":8,"column":0},"end":{"line":8,"column":16}},"8":{"start":{"line":9,"column":0},"end":{"line":9,"column":4}},"9":{"start":{"line":10,"column":0},"end":{"line":10,"column":8}},"10":{"start":{"line":11,"column":0},"end":{"line":11,"column":70}},"11":{"start":{"line":12,"column":0},"end":{"line":12,"column":18}},"12":{"start":{"line":13,"column":0},"end":{"line":13,"column":21}},"13":{"start":{"line":14,"column":0},"end":{"line":14,"column":21}},"14":{"start":{"line":15,"column":0},"end":{"line":15,"column":10}},"15":{"start":{"line":16,"column":0},"end":{"line":16,"column":9}},"17":{"start":{"line":18,"column":0},"end":{"line":18,"column":47}},"18":{"start":{"line":19,"column":0},"end":{"line":19,"column":20}},"19":{"start":{"line":20,"column":0},"end":{"line":20,"column":26}},"20":{"start":{"line":21,"column":0},"end":{"line":21,"column":38}},"21":{"start":{"line":22,"column":0},"end":{"line":22,"column":50}},"22":{"start":{"line":23,"column":0},"end":{"line":23,"column":51}},"23":{"start":{"line":24,"column":0},"end":{"line":24,"column":10}},"24":{"start":{"line":25,"column":0},"end":{"line":25,"column":20}},"25":{"start":{"line":26,"column":0},"end":{"line":26,"column":27}},"26":{"start":{"line":27,"column":0},"end":{"line":27,"column":16}},"27":{"start":{"line":28,"column":0},"end":{"line":28,"column":4}},"28":{"start":{"line":29,"column":0},"end":{"line":29,"column":1}}},"s":{"2":1,"4":1,"6":6,"7":1,"8":1,"9":5,"10":5,"11":5,"12":5,"13":5,"14":5,"15":5,"17":4,"18":40,"19":40,"20":40,"21":40,"22":40,"23":40,"24":4,"25":1,"26":1,"27":1,"28":6},"branchMap":{"0":{"type":"branch","line":5,"loc":{"start":{"line":5,"column":30},"end":{"line":29,"column":1}},"locations":[{"start":{"line":5,"column":30},"end":{"line":29,"column":1}}]},"1":{"type":"branch","line":7,"loc":{"start":{"line":7,"column":34},"end":{"line":9,"column":4}},"locations":[{"start":{"line":7,"column":34},"end":{"line":9,"column":4}}]},"2":{"type":"branch","line":9,"loc":{"start":{"line":9,"column":3},"end":{"line":16,"column":9}},"locations":[{"start":{"line":9,"column":3},"end":{"line":16,"column":9}}]},"3":{"type":"branch","line":16,"loc":{"start":{"line":16,"column":6},"end":{"line":28,"column":4}},"locations":[{"start":{"line":16,"column":6},"end":{"line":28,"column":4}}]},"4":{"type":"branch","line":25,"loc":{"start":{"line":25,"column":5},"end":{"line":28,"column":4}},"locations":[{"start":{"line":25,"column":5},"end":{"line":28,"column":4}}]},"5":{"type":"branch","line":18,"loc":{"start":{"line":18,"column":36},"end":{"line":24,"column":10}},"locations":[{"start":{"line":18,"column":36},"end":{"line":24,"column":10}}]}},"b":{"0":[6],"1":[1],"2":[5],"3":[4],"4":[1],"5":[40]},"fnMap":{"0":{"name":"GetGifsByQuery","decl":{"start":{"line":5,"column":30},"end":{"line":29,"column":1}},"loc":{"start":{"line":5,"column":30},"end":{"line":29,"column":1}},"line":5}},"f":{"0":6}}
,"C:\\Users\\chico\\Desktop\\react-curso\\ejercicios\\03-gifs-app\\src\\gifs\\api\\giphy.api.ts": {"path":"C:\\Users\\chico\\Desktop\\react-curso\\ejercicios\\03-gifs-app\\src\\gifs\\api\\giphy.api.ts","all":false,"statementMap":{"0":{"start":{"line":1,"column":0},"end":{"line":1,"column":26}},"2":{"start":{"line":3,"column":0},"end":{"line":3,"column":38}},"3":{"start":{"line":4,"column":0},"end":{"line":4,"column":40}},"4":{"start":{"line":5,"column":0},"end":{"line":5,"column":12}},"5":{"start":{"line":6,"column":0},"end":{"line":6,"column":17}},"6":{"start":{"line":7,"column":0},"end":{"line":7,"column":45}},"7":{"start":{"line":8,"column":0},"end":{"line":8,"column":4}},"8":{"start":{"line":9,"column":0},"end":{"line":9,"column":2}}},"s":{"0":1,"2":1,"3":1,"4":1,"5":1,"6":1,"7":1,"8":1},"branchMap":{},"b":{},"fnMap":{},"f":{}}
,"C:\\Users\\chico\\Desktop\\react-curso\\ejercicios\\03-gifs-app\\src\\gifs\\components\\GifList.tsx": {"path":"C:\\Users\\chico\\Desktop\\react-curso\\ejercicios\\03-gifs-app\\src\\gifs\\components\\GifList.tsx","all":false,"statementMap":{"8":{"start":{"line":9,"column":0},"end":{"line":9,"column":57}},"9":{"start":{"line":10,"column":0},"end":{"line":10,"column":11}},"10":{"start":{"line":11,"column":0},"end":{"line":11,"column":38}},"12":{"start":{"line":13,"column":0},"end":{"line":13,"column":31}},"13":{"start":{"line":14,"column":0},"end":{"line":14,"column":54}},"14":{"start":{"line":15,"column":0},"end":{"line":15,"column":55}},"15":{"start":{"line":16,"column":0},"end":{"line":16,"column":38}},"16":{"start":{"line":17,"column":0},"end":{"line":17,"column":21}},"17":{"start":{"line":18,"column":0},"end":{"line":18,"column":53}},"24":{"start":{"line":25,"column":0},"end":{"line":25,"column":1}}},"s":{"8":1,"9":1,"10":1,"12":1,"13":1,"14":1,"15":1,"16":1,"17":1,"24":1},"branchMap":{"0":{"type":"branch","line":9,"loc":{"start":{"line":9,"column":23},"end":{"line":25,"column":1}},"locations":[{"start":{"line":9,"column":23},"end":{"line":25,"column":1}}]}},"b":{"0":[1]},"fnMap":{"0":{"name":"GifList","decl":{"start":{"line":9,"column":23},"end":{"line":25,"column":1}},"loc":{"start":{"line":9,"column":23},"end":{"line":25,"column":1}},"line":9}},"f":{"0":1}}
,"C:\\Users\\chico\\Desktop\\react-curso\\ejercicios\\03-gifs-app\\src\\gifs\\components\\PreviousSearches.tsx": {"path":"C:\\Users\\chico\\Desktop\\react-curso\\ejercicios\\03-gifs-app\\src\\gifs\\components\\PreviousSearches.tsx","all":false,"statementMap":{"7":{"start":{"line":8,"column":0},"end":{"line":8,"column":94}},"8":{"start":{"line":9,"column":0},"end":{"line":9,"column":11}},"9":{"start":{"line":10,"column":0},"end":{"line":10,"column":41}},"10":{"start":{"line":11,"column":0},"end":{"line":11,"column":35}},"11":{"start":{"line":12,"column":0},"end":{"line":12,"column":48}},"13":{"start":{"line":14,"column":0},"end":{"line":14,"column":38}},"14":{"start":{"line":15,"column":0},"end":{"line":15,"column":21}},"15":{"start":{"line":16,"column":0},"end":{"line":16,"column":31}},"16":{"start":{"line":17,"column":0},"end":{"line":17,"column":57}},"17":{"start":{"line":18,"column":0},"end":{"line":18,"column":30}},"23":{"start":{"line":24,"column":0},"end":{"line":24,"column":1}}},"s":{"7":1,"8":1,"9":1,"10":1,"11":1,"13":1,"14":1,"15":1,"16":1,"17":1,"23":1},"branchMap":{"0":{"type":"branch","line":8,"loc":{"start":{"line":8,"column":59},"end":{"line":24,"column":1}},"locations":[{"start":{"line":8,"column":59},"end":{"line":24,"column":1}}]}},"b":{"0":[1]},"fnMap":{"0":{"name":"PreviousSearches","decl":{"start":{"line":8,"column":59},"end":{"line":24,"column":1}},"loc":{"start":{"line":8,"column":59},"end":{"line":24,"column":1}},"line":8}},"f":{"0":1}}
,"C:\\Users\\chico\\Desktop\\react-curso\\ejercicios\\03-gifs-app\\src\\gifs\\hooks\\useGifs.tsx": {"path":"C:\\Users\\chico\\Desktop\\react-curso\\ejercicios\\03-gifs-app\\src\\gifs\\hooks\\useGifs.tsx","all":false,"statementMap":{"0":{"start":{"line":1,"column":0},"end":{"line":1,"column":41}},"2":{"start":{"line":3,"column":0},"end":{"line":3,"column":69}},"4":{"start":{"line":5,"column":0},"end":{"line":5,"column":47}},"6":{"start":{"line":7,"column":0},"end":{"line":7,"column":30}},"7":{"start":{"line":8,"column":0},"end":{"line":8,"column":68}},"8":{"start":{"line":9,"column":0},"end":{"line":9,"column":47}},"10":{"start":{"line":11,"column":0},"end":{"line":11,"column":52}},"11":{"start":{"line":12,"column":0},"end":{"line":12,"column":31}},"12":{"start":{"line":13,"column":0},"end":{"line":13,"column":4}},"14":{"start":{"line":15,"column":0},"end":{"line":15,"column":55}},"16":{"start":{"line":17,"column":0},"end":{"line":17,"column":55}},"17":{"start":{"line":18,"column":0},"end":{"line":18,"column":52}},"18":{"start":{"line":19,"column":0},"end":{"line":19,"column":42}},"20":{"start":{"line":21,"column":0},"end":{"line":21,"column":42}},"21":{"start":{"line":22,"column":0},"end":{"line":22,"column":48}},"22":{"start":{"line":23,"column":0},"end":{"line":23,"column":16}},"23":{"start":{"line":24,"column":0},"end":{"line":24,"column":7}},"25":{"start":{"line":26,"column":0},"end":{"line":26,"column":47}},"26":{"start":{"line":27,"column":0},"end":{"line":27,"column":81}},"27":{"start":{"line":28,"column":0},"end":{"line":28,"column":70}},"28":{"start":{"line":29,"column":0},"end":{"line":29,"column":14}},"29":{"start":{"line":30,"column":0},"end":{"line":30,"column":70}},"30":{"start":{"line":31,"column":0},"end":{"line":31,"column":7}},"32":{"start":{"line":33,"column":0},"end":{"line":33,"column":36}},"34":{"start":{"line":35,"column":0},"end":{"line":35,"column":4}},"36":{"start":{"line":37,"column":0},"end":{"line":37,"column":64}},"37":{"start":{"line":38,"column":0},"end":{"line":38,"column":47}},"38":{"start":{"line":39,"column":0},"end":{"line":39,"column":20}},"39":{"start":{"line":40,"column":0},"end":{"line":40,"column":38}},"40":{"start":{"line":41,"column":0},"end":{"line":41,"column":4}},"42":{"start":{"line":43,"column":0},"end":{"line":43,"column":11}},"43":{"start":{"line":44,"column":0},"end":{"line":44,"column":11}},"44":{"start":{"line":45,"column":0},"end":{"line":45,"column":20}},"45":{"start":{"line":46,"column":0},"end":{"line":46,"column":19}},"46":{"start":{"line":47,"column":0},"end":{"line":47,"column":22}},"47":{"start":{"line":48,"column":0},"end":{"line":48,"column":4}},"48":{"start":{"line":49,"column":0},"end":{"line":49,"column":1}}},"s":{"0":1,"2":1,"4":1,"6":1,"7":19,"8":19,"10":19,"11":1,"12":1,"14":19,"16":19,"17":13,"18":13,"20":13,"21":1,"22":1,"23":1,"25":13,"26":0,"27":0,"28":13,"29":12,"30":12,"32":12,"34":12,"36":19,"37":12,"38":12,"39":12,"40":12,"42":19,"43":19,"44":19,"45":19,"46":19,"47":19,"48":19},"branchMap":{"0":{"type":"branch","line":7,"loc":{"start":{"line":7,"column":23},"end":{"line":49,"column":1}},"locations":[{"start":{"line":7,"column":23},"end":{"line":49,"column":1}}]},"1":{"type":"branch","line":11,"loc":{"start":{"line":11,"column":27},"end":{"line":13,"column":4}},"locations":[{"start":{"line":11,"column":27},"end":{"line":13,"column":4}}]},"2":{"type":"branch","line":17,"loc":{"start":{"line":17,"column":24},"end":{"line":35,"column":4}},"locations":[{"start":{"line":17,"column":24},"end":{"line":35,"column":4}}]},"3":{"type":"branch","line":19,"loc":{"start":{"line":19,"column":35},"end":{"line":19,"column":42}},"locations":[{"start":{"line":19,"column":35},"end":{"line":19,"column":42}}]},"4":{"type":"branch","line":21,"loc":{"start":{"line":21,"column":41},"end":{"line":24,"column":7}},"locations":[{"start":{"line":21,"column":41},"end":{"line":24,"column":7}}]},"5":{"type":"branch","line":24,"loc":{"start":{"line":24,"column":6},"end":{"line":26,"column":46}},"locations":[{"start":{"line":24,"column":6},"end":{"line":26,"column":46}}]},"6":{"type":"branch","line":26,"loc":{"start":{"line":26,"column":46},"end":{"line":29,"column":13}},"locations":[{"start":{"line":26,"column":46},"end":{"line":29,"column":13}}]},"7":{"type":"branch","line":29,"loc":{"start":{"line":29,"column":6},"end":{"line":35,"column":4}},"locations":[{"start":{"line":29,"column":6},"end":{"line":35,"column":4}}]},"8":{"type":"branch","line":37,"loc":{"start":{"line":37,"column":23},"end":{"line":41,"column":4}},"locations":[{"start":{"line":37,"column":23},"end":{"line":41,"column":4}}]}},"b":{"0":[19],"1":[1],"2":[13],"3":[0],"4":[1],"5":[12],"6":[0],"7":[12],"8":[12]},"fnMap":{"0":{"name":"useGifs","decl":{"start":{"line":7,"column":23},"end":{"line":49,"column":1}},"loc":{"start":{"line":7,"column":23},"end":{"line":49,"column":1}},"line":7},"1":{"name":"handleTermClick","decl":{"start":{"line":11,"column":27},"end":{"line":13,"column":4}},"loc":{"start":{"line":11,"column":27},"end":{"line":13,"column":4}},"line":11},"2":{"name":"handleSearch","decl":{"start":{"line":17,"column":24},"end":{"line":35,"column":4}},"loc":{"start":{"line":17,"column":24},"end":{"line":35,"column":4}},"line":17},"3":{"name":"handleFetch","decl":{"start":{"line":37,"column":23},"end":{"line":41,"column":4}},"loc":{"start":{"line":37,"column":23},"end":{"line":41,"column":4}},"line":37}},"f":{"0":19,"1":1,"2":13,"3":12}}
,"C:\\Users\\chico\\Desktop\\react-curso\\ejercicios\\03-gifs-app\\src\\gifs\\interfaces\\gif.interface.ts": {"path":"C:\\Users\\chico\\Desktop\\react-curso\\ejercicios\\03-gifs-app\\src\\gifs\\interfaces\\gif.interface.ts","all":true,"statementMap":{},"s":{},"branchMap":{"0":{"type":"branch","line":1,"loc":{"start":{"line":1,"column":116},"end":{"line":7,"column":1}},"locations":[{"start":{"line":1,"column":116},"end":{"line":7,"column":1}}]}},"b":{"0":[1]},"fnMap":{"0":{"name":"(empty-report)","decl":{"start":{"line":1,"column":116},"end":{"line":7,"column":1}},"loc":{"start":{"line":1,"column":116},"end":{"line":7,"column":1}},"line":1}},"f":{"0":1}}
,"C:\\Users\\chico\\Desktop\\react-curso\\ejercicios\\03-gifs-app\\src\\gifs\\interfaces\\giphy.response.ts": {"path":"C:\\Users\\chico\\Desktop\\react-curso\\ejercicios\\03-gifs-app\\src\\gifs\\interfaces\\giphy.response.ts","all":true,"statementMap":{},"s":{},"branchMap":{"0":{"type":"branch","line":1,"loc":{"start":{"line":1,"column":2565},"end":{"line":118,"column":1}},"locations":[{"start":{"line":1,"column":2565},"end":{"line":118,"column":1}}]}},"b":{"0":[1]},"fnMap":{"0":{"name":"(empty-report)","decl":{"start":{"line":1,"column":2565},"end":{"line":118,"column":1}},"loc":{"start":{"line":1,"column":2565},"end":{"line":118,"column":1}},"line":1}},"f":{"0":1}}
,"C:\\Users\\chico\\Desktop\\react-curso\\ejercicios\\03-gifs-app\\src\\mock-data\\gifs.mock.ts": {"path":"C:\\Users\\chico\\Desktop\\react-curso\\ejercicios\\03-gifs-app\\src\\mock-data\\gifs.mock.ts","all":true,"statementMap":{"2":{"start":{"line":3,"column":0},"end":{"line":3,"column":32}},"3":{"start":{"line":4,"column":0},"end":{"line":4,"column":4}},"4":{"start":{"line":5,"column":0},"end":{"line":5,"column":14}},"5":{"start":{"line":6,"column":0},"end":{"line":6,"column":31}},"6":{"start":{"line":7,"column":0},"end":{"line":7,"column":187}},"7":{"start":{"line":8,"column":0},"end":{"line":8,"column":17}},"8":{"start":{"line":9,"column":0},"end":{"line":9,"column":18}},"9":{"start":{"line":10,"column":0},"end":{"line":10,"column":5}},"10":{"start":{"line":11,"column":0},"end":{"line":11,"column":4}},"11":{"start":{"line":12,"column":0},"end":{"line":12,"column":14}},"12":{"start":{"line":13,"column":0},"end":{"line":13,"column":25}},"13":{"start":{"line":14,"column":0},"end":{"line":14,"column":72}},"14":{"start":{"line":15,"column":0},"end":{"line":15,"column":17}},"15":{"start":{"line":16,"column":0},"end":{"line":16,"column":18}},"16":{"start":{"line":17,"column":0},"end":{"line":17,"column":5}},"17":{"start":{"line":18,"column":0},"end":{"line":18,"column":4}},"18":{"start":{"line":19,"column":0},"end":{"line":19,"column":14}},"19":{"start":{"line":20,"column":0},"end":{"line":20,"column":27}},"20":{"start":{"line":21,"column":0},"end":{"line":21,"column":187}},"21":{"start":{"line":22,"column":0},"end":{"line":22,"column":17}},"22":{"start":{"line":23,"column":0},"end":{"line":23,"column":18}},"23":{"start":{"line":24,"column":0},"end":{"line":24,"column":5}},"24":{"start":{"line":25,"column":0},"end":{"line":25,"column":4}},"25":{"start":{"line":26,"column":0},"end":{"line":26,"column":14}},"26":{"start":{"line":27,"column":0},"end":{"line":27,"column":25}},"27":{"start":{"line":28,"column":0},"end":{"line":28,"column":72}},"28":{"start":{"line":29,"column":0},"end":{"line":29,"column":17}},"29":{"start":{"line":30,"column":0},"end":{"line":30,"column":18}},"30":{"start":{"line":31,"column":0},"end":{"line":31,"column":5}},"31":{"start":{"line":32,"column":0},"end":{"line":32,"column":4}},"32":{"start":{"line":33,"column":0},"end":{"line":33,"column":14}},"33":{"start":{"line":34,"column":0},"end":{"line":34,"column":32}},"34":{"start":{"line":35,"column":0},"end":{"line":35,"column":187}},"35":{"start":{"line":36,"column":0},"end":{"line":36,"column":17}},"36":{"start":{"line":37,"column":0},"end":{"line":37,"column":18}},"37":{"start":{"line":38,"column":0},"end":{"line":38,"column":5}},"38":{"start":{"line":39,"column":0},"end":{"line":39,"column":4}},"39":{"start":{"line":40,"column":0},"end":{"line":40,"column":14}},"40":{"start":{"line":41,"column":0},"end":{"line":41,"column":33}},"41":{"start":{"line":42,"column":0},"end":{"line":42,"column":187}},"42":{"start":{"line":43,"column":0},"end":{"line":43,"column":17}},"43":{"start":{"line":44,"column":0},"end":{"line":44,"column":18}},"44":{"start":{"line":45,"column":0},"end":{"line":45,"column":5}},"45":{"start":{"line":46,"column":0},"end":{"line":46,"column":2}}},"s":{"2":0,"3":0,"4":0,"5":0,"6":0,"7":0,"8":0,"9":0,"10":0,"11":0,"12":0,"13":0,"14":0,"15":0,"16":0,"17":0,"18":0,"19":0,"20":0,"21":0,"22":0,"23":0,"24":0,"25":0,"26":0,"27":0,"28":0,"29":0,"30":0,"31":0,"32":0,"33":0,"34":0,"35":0,"36":0,"37":0,"38":0,"39":0,"40":0,"41":0,"42":0,"43":0,"44":0,"45":0},"branchMap":{"0":{"type":"branch","line":1,"loc":{"start":{"line":1,"column":1597},"end":{"line":46,"column":2}},"locations":[{"start":{"line":1,"column":1597},"end":{"line":46,"column":2}}]}},"b":{"0":[1]},"fnMap":{"0":{"name":"(empty-report)","decl":{"start":{"line":1,"column":1597},"end":{"line":46,"column":2}},"loc":{"start":{"line":1,"column":1597},"end":{"line":46,"column":2}},"line":1}},"f":{"0":1}}
,"C:\\Users\\chico\\Desktop\\react-curso\\ejercicios\\03-gifs-app\\src\\shared\\components\\CustomHeader.tsx": {"path":"C:\\Users\\chico\\Desktop\\react-curso\\ejercicios\\03-gifs-app\\src\\shared\\components\\CustomHeader.tsx","all":false,"statementMap":{"6":{"start":{"line":7,"column":0},"end":{"line":7,"column":76}},"7":{"start":{"line":8,"column":0},"end":{"line":8,"column":11}},"8":{"start":{"line":9,"column":0},"end":{"line":9,"column":38}},"9":{"start":{"line":10,"column":0},"end":{"line":10,"column":25}},"11":{"start":{"line":12,"column":0},"end":{"line":12,"column":28}},"12":{"start":{"line":13,"column":0},"end":{"line":13,"column":35}},"17":{"start":{"line":18,"column":0},"end":{"line":18,"column":1}}},"s":{"6":1,"7":4,"8":4,"9":4,"11":4,"12":4,"17":4},"branchMap":{"0":{"type":"branch","line":7,"loc":{"start":{"line":7,"column":28},"end":{"line":18,"column":1}},"locations":[{"start":{"line":7,"column":28},"end":{"line":18,"column":1}}]}},"b":{"0":[4]},"fnMap":{"0":{"name":"CustomHeader","decl":{"start":{"line":7,"column":28},"end":{"line":18,"column":1}},"loc":{"start":{"line":7,"column":28},"end":{"line":18,"column":1}},"line":7}},"f":{"0":4}}
,"C:\\Users\\chico\\Desktop\\react-curso\\ejercicios\\03-gifs-app\\src\\shared\\components\\CustomSearchBar.tsx": {"path":"C:\\Users\\chico\\Desktop\\react-curso\\ejercicios\\03-gifs-app\\src\\shared\\components\\CustomSearchBar.tsx","all":false,"statementMap":{"0":{"start":{"line":1,"column":0},"end":{"line":1,"column":64}},"7":{"start":{"line":8,"column":0},"end":{"line":8,"column":95}},"9":{"start":{"line":10,"column":0},"end":{"line":10,"column":42}},"11":{"start":{"line":12,"column":0},"end":{"line":12,"column":20}},"12":{"start":{"line":13,"column":0},"end":{"line":13,"column":42}},"13":{"start":{"line":14,"column":0},"end":{"line":14,"column":24}},"14":{"start":{"line":15,"column":0},"end":{"line":15,"column":13}},"16":{"start":{"line":17,"column":0},"end":{"line":17,"column":20}},"17":{"start":{"line":18,"column":0},"end":{"line":18,"column":33}},"18":{"start":{"line":19,"column":0},"end":{"line":19,"column":8}},"20":{"start":{"line":21,"column":0},"end":{"line":21,"column":24}},"22":{"start":{"line":23,"column":0},"end":{"line":23,"column":31}},"23":{"start":{"line":24,"column":0},"end":{"line":24,"column":21}},"24":{"start":{"line":25,"column":0},"end":{"line":25,"column":19}},"25":{"start":{"line":26,"column":0},"end":{"line":26,"column":4}},"27":{"start":{"line":28,"column":0},"end":{"line":28,"column":70}},"28":{"start":{"line":29,"column":0},"end":{"line":29,"column":34}},"29":{"start":{"line":30,"column":0},"end":{"line":30,"column":24}},"30":{"start":{"line":31,"column":0},"end":{"line":31,"column":7}},"31":{"start":{"line":32,"column":0},"end":{"line":32,"column":4}},"33":{"start":{"line":34,"column":0},"end":{"line":34,"column":11}},"34":{"start":{"line":35,"column":0},"end":{"line":35,"column":40}},"35":{"start":{"line":36,"column":0},"end":{"line":36,"column":15}},"36":{"start":{"line":37,"column":0},"end":{"line":37,"column":23}},"37":{"start":{"line":38,"column":0},"end":{"line":38,"column":37}},"38":{"start":{"line":39,"column":0},"end":{"line":39,"column":25}},"39":{"start":{"line":40,"column":0},"end":{"line":40,"column":62}},"40":{"start":{"line":41,"column":0},"end":{"line":41,"column":37}},"42":{"start":{"line":43,"column":0},"end":{"line":43,"column":55}},"45":{"start":{"line":46,"column":0},"end":{"line":46,"column":1}}},"s":{"0":1,"7":1,"9":13,"11":13,"12":13,"13":2,"14":13,"16":13,"17":13,"18":13,"20":13,"22":13,"23":1,"24":1,"25":1,"27":13,"28":0,"29":0,"30":0,"31":0,"33":13,"34":13,"35":13,"36":13,"37":13,"38":13,"39":13,"40":13,"42":13,"45":13},"branchMap":{"0":{"type":"branch","line":8,"loc":{"start":{"line":8,"column":31},"end":{"line":46,"column":1}},"locations":[{"start":{"line":8,"column":31},"end":{"line":46,"column":1}}]},"1":{"type":"branch","line":12,"loc":{"start":{"line":12,"column":13},"end":{"line":21,"column":6}},"locations":[{"start":{"line":12,"column":13},"end":{"line":21,"column":6}}]},"2":{"type":"branch","line":13,"loc":{"start":{"line":13,"column":35},"end":{"line":15,"column":9}},"locations":[{"start":{"line":13,"column":35},"end":{"line":15,"column":9}}]},"3":{"type":"branch","line":17,"loc":{"start":{"line":17,"column":13},"end":{"line":19,"column":8}},"locations":[{"start":{"line":17,"column":13},"end":{"line":19,"column":8}}]},"4":{"type":"branch","line":23,"loc":{"start":{"line":23,"column":24},"end":{"line":26,"column":4}},"locations":[{"start":{"line":23,"column":24},"end":{"line":26,"column":4}}]},"5":{"type":"branch","line":40,"loc":{"start":{"line":40,"column":22},"end":{"line":40,"column":62}},"locations":[{"start":{"line":40,"column":22},"end":{"line":40,"column":62}}]}},"b":{"0":[13],"1":[13],"2":[2],"3":[13],"4":[1],"5":[6]},"fnMap":{"0":{"name":"CustomSearchBar","decl":{"start":{"line":8,"column":31},"end":{"line":46,"column":1}},"loc":{"start":{"line":8,"column":31},"end":{"line":46,"column":1}},"line":8},"1":{"name":"handleSearch","decl":{"start":{"line":23,"column":24},"end":{"line":26,"column":4}},"loc":{"start":{"line":23,"column":24},"end":{"line":26,"column":4}},"line":23},"2":{"name":"handleKeyDown","decl":{"start":{"line":28,"column":25},"end":{"line":32,"column":4}},"loc":{"start":{"line":28,"column":25},"end":{"line":32,"column":4}},"line":28},"3":{"name":"onChange","decl":{"start":{"line":40,"column":22},"end":{"line":40,"column":62}},"loc":{"start":{"line":40,"column":22},"end":{"line":40,"column":62}},"line":40}},"f":{"0":13,"1":1,"2":0,"3":6}}
}
